test2.obj : error LNK2005: main 已经在 test1.obj 中定义
E:\code\test03_10\test\x64\Debug\test.exe : fatal error LNK1169: 找到一个或多个多重定义的符号
